Building DAG of jobs...
Full Traceback (most recent call last):
  File "/home/fernando/mambaforge/envs/snakemake-tutorial-ml/lib/python3.8/site-packages/snakemake/jobs.py", line 97, in new
    obj = self.cache[key]
KeyError: ('evaluate',)

During handling of the above exception, another exception occurred:

Traceback (most recent call last):
  File "/home/fernando/mambaforge/envs/snakemake-tutorial-ml/lib/python3.8/site-packages/snakemake/io.py", line 902, in format_match
    value = wildcards[name]
KeyError: 'method'

During handling of the above exception, another exception occurred:

Traceback (most recent call last):
  File "/home/fernando/mambaforge/envs/snakemake-tutorial-ml/lib/python3.8/site-packages/snakemake/rules.py", line 820, in expand_input
    self._apply_wildcards(
  File "/home/fernando/mambaforge/envs/snakemake-tutorial-ml/lib/python3.8/site-packages/snakemake/rules.py", line 784, in _apply_wildcards
    concrete = concretize(item_, wildcards, _is_callable)
  File "/home/fernando/mambaforge/envs/snakemake-tutorial-ml/lib/python3.8/site-packages/snakemake/rules.py", line 806, in concretize_iofile
    return f.apply_wildcards(
  File "/home/fernando/mambaforge/envs/snakemake-tutorial-ml/lib/python3.8/site-packages/snakemake/io.py", line 683, in apply_wildcards
    apply_wildcards(
  File "/home/fernando/mambaforge/envs/snakemake-tutorial-ml/lib/python3.8/site-packages/snakemake/io.py", line 914, in apply_wildcards
    return _wildcard_regex.sub(format_match, pattern)
  File "/home/fernando/mambaforge/envs/snakemake-tutorial-ml/lib/python3.8/site-packages/snakemake/io.py", line 912, in format_match
    raise WildcardError(str(ex))
snakemake.exceptions.WildcardError: 'method'

During handling of the above exception, another exception occurred:

Traceback (most recent call last):
  File "/home/fernando/mambaforge/envs/snakemake-tutorial-ml/lib/python3.8/site-packages/snakemake/__init__.py", line 701, in snakemake
    success = workflow.execute(
  File "/home/fernando/mambaforge/envs/snakemake-tutorial-ml/lib/python3.8/site-packages/snakemake/workflow.py", line 730, in execute
    dag.init()
  File "/home/fernando/mambaforge/envs/snakemake-tutorial-ml/lib/python3.8/site-packages/snakemake/dag.py", line 183, in init
    self.file2jobs(file),
  File "/home/fernando/mambaforge/envs/snakemake-tutorial-ml/lib/python3.8/site-packages/snakemake/dag.py", line 1661, in file2jobs
    jobs.append(self.new_job(rule, targetfile=targetfile))
  File "/home/fernando/mambaforge/envs/snakemake-tutorial-ml/lib/python3.8/site-packages/snakemake/dag.py", line 1400, in new_job
    job = self.job_factory.new(
  File "/home/fernando/mambaforge/envs/snakemake-tutorial-ml/lib/python3.8/site-packages/snakemake/jobs.py", line 99, in new
    obj = Job(rule, dag, wildcards_dict, format_wildcards, targetfile)
  File "/home/fernando/mambaforge/envs/snakemake-tutorial-ml/lib/python3.8/site-packages/snakemake/jobs.py", line 158, in __init__
    self.input, input_mapping, self.dependencies = self.rule.expand_input(
  File "/home/fernando/mambaforge/envs/snakemake-tutorial-ml/lib/python3.8/site-packages/snakemake/rules.py", line 830, in expand_input
    raise WildcardError(
snakemake.exceptions.WildcardError: Wildcards in input files cannot be determined from output files:
'method'

WildcardError in line 17 of /mnt/c/Users/Fernando/Documents/MRes Biomedical Research/Project 2/Github/BenchmarkDR/workflow/rules/prediction/Snakefile:
Wildcards in input files cannot be determined from output files:
'method'
unlocking
removed all locks
