Building DAG of jobs...
Using shell: /usr/bin/bash
Provided cores: 1 (use --cores to define parallelism)
Rules claiming more threads will be scaled down.
Conda environments: ignored
Job counts:
	count	jobs
	1	ml_run
	1
Resources before job selection: {'_cores': 1, '_nodes': 9223372036854775807}
Ready jobs (1):
	ml_run
Select jobs to execute...
Selected jobs (1):
	ml_run
Resources after job selection: {'_cores': 0, '_nodes': 9223372036854775806}

[Wed Jun 23 14:36:27 2021]
rule ml_run:
    input: data/gene_data.csv, data/AllLabels.csv
    output: ml/lr.pkl, ml/rf.pkl, ml/svm.pkl
    jobid: 0

Waiting at most 5 seconds for missing files.
Full Traceback (most recent call last):
  File "/home/fernando/mambaforge/envs/snakemake-tutorial-ml/lib/python3.8/site-packages/snakemake/dag.py", line 487, in check_and_touch_output
    wait_for_files(
  File "/home/fernando/mambaforge/envs/snakemake-tutorial-ml/lib/python3.8/site-packages/snakemake/io.py", line 816, in wait_for_files
    raise IOError(
OSError: Missing files after 5 seconds:
ml/rf.pkl

During handling of the above exception, another exception occurred:

Traceback (most recent call last):
  File "/home/fernando/mambaforge/envs/snakemake-tutorial-ml/lib/python3.8/site-packages/snakemake/scheduler.py", line 534, in _proceed
    self.get_executor(job).handle_job_success(job)
  File "/home/fernando/mambaforge/envs/snakemake-tutorial-ml/lib/python3.8/site-packages/snakemake/executors/__init__.py", line 589, in handle_job_success
    super().handle_job_success(job)
  File "/home/fernando/mambaforge/envs/snakemake-tutorial-ml/lib/python3.8/site-packages/snakemake/executors/__init__.py", line 252, in handle_job_success
    job.postprocess(
  File "/home/fernando/mambaforge/envs/snakemake-tutorial-ml/lib/python3.8/site-packages/snakemake/jobs.py", line 982, in postprocess
    self.dag.check_and_touch_output(
  File "/home/fernando/mambaforge/envs/snakemake-tutorial-ml/lib/python3.8/site-packages/snakemake/dag.py", line 494, in check_and_touch_output
    raise MissingOutputException(
snakemake.exceptions.MissingOutputException: Job Missing files after 5 seconds:
ml/rf.pkl
This might be due to filesystem latency. If that is the case, consider to increase the wait time with --latency-wait.
Job id: 0 completed successfully, but some output files are missing. 0

MissingOutputException in line 3 of /mnt/c/Users/Fernando/Documents/MRes Biomedical Research/Project 2/Github/BenchmarkDR/workflow/rules/prediction/Snakefile:
Job Missing files after 5 seconds:
ml/rf.pkl
This might be due to filesystem latency. If that is the case, consider to increase the wait time with --latency-wait.
Job id: 0 completed successfully, but some output files are missing. 0
  File "/home/fernando/mambaforge/envs/snakemake-tutorial-ml/lib/python3.8/site-packages/snakemake/executors/__init__.py", line 589, in handle_job_success
  File "/home/fernando/mambaforge/envs/snakemake-tutorial-ml/lib/python3.8/site-packages/snakemake/executors/__init__.py", line 252, in handle_job_success
Removing output files of failed job ml_run since they might be corrupted:
ml/lr.pkl, ml/svm.pkl
Shutting down, this might take some time.
Exiting because a job execution failed. Look above for error message
Complete log: /mnt/c/Users/Fernando/Documents/MRes Biomedical Research/Project 2/Github/BenchmarkDR/workflow/rules/prediction/.snakemake/log/2021-06-23T143626.959453.snakemake.log
unlocking
removing lock
removing lock
removed all locks
